<?xml version="1.0" encoding="UTF-8"?>
<testsuite name="EncodingTest" tests="1" skipped="0" failures="0" errors="0" timestamp="2021-07-31T09:29:56" hostname="stephen-HP-ProBook-450-G7" time="0.001">
  <properties/>
  <testcase name="checkIfSavesInputText" classname="EncodingTest" time="0.001"/>
  <system-out><![CDATA[]]></system-out>
  <system-err><![CDATA[]]></system-err>
</testsuite>
